\setmainfontfallback[NotoSansArmenian][range=0x0531-0x058f,force=yes]
\setmainfontfallback[NotoSansNKo][range=0x060c-0x061b,force=yes]
\setmainfontfallback[NotoSansThaana][range=0x061c-0x061c,force=yes]
\setmainfontfallback[NotoSansNKo][range=0x061f-0x061f,force=yes]
\setmainfontfallback[NotoSansSyriacEastern][range=0x0621-0x0621,force=yes]
\setmainfontfallback[NotoSansMandaic][range=0x0640-0x0640,force=yes]
\setmainfontfallback[NotoSansSyriacEastern][range=0x064b-0x0669,force=yes]
\setmainfontfallback[NotoSansNKo][range=0x066a-0x066a,force=yes]
\setmainfontfallback[NotoSansSyriacEastern][range=0x066b-0x074f,force=yes]
\setmainfontfallback[NotoSansThaana][range=0x0780-0x07b1,force=yes]
\setmainfontfallback[NotoSansNKo][range=0x07c0-0x07fa,force=yes]
\setmainfontfallback[NotoSansSamaritan][range=0x0800-0x083e,force=yes]
\setmainfontfallback[NotoSansMandaic][range=0x0840-0x085e,force=yes]
\setmainfontfallback[NotoSansDevanagari][range=0x0900-0x0963,force=yes]
\setmainfontfallback[NotoSansBengali][range=0x0964-0x0965,force=yes]
\setmainfontfallback[NotoSansDevanagari][range=0x0966-0x097f,force=yes]
\setmainfontfallback[NotoSansBengali][range=0x0981-0x09fb,force=yes]
\setmainfontfallback[NotoSansGurmukhi][range=0x0a01-0x0a75,force=yes]
\setmainfontfallback[NotoSansGujarati][range=0x0a81-0x0af1,force=yes]
\setmainfontfallback[NotoSansOriya][range=0x0b01-0x0b77,force=yes]
\setmainfontfallback[NotoSansTamil][range=0x0b82-0x0bfa,force=yes]
\setmainfontfallback[NotoSansTelugu][range=0x0c01-0x0c7f,force=yes]
\setmainfontfallback[NotoSansKannada][range=0x0c82-0x0cf2,force=yes]
\setmainfontfallback[NotoSansMalayalam][range=0x0d02-0x0d7f,force=yes]
\setmainfontfallback[NotoSansSinhala][range=0x0d82-0x0df4,force=yes]
\setmainfontfallback[NotoSansThai][range=0x0e01-0x0e5b,force=yes]
\setmainfontfallback[NotoSansLao][range=0x0e81-0x0edf,force=yes]
\setmainfontfallback[NotoSansMyanmar][range=0x1000-0x109f,force=yes]
\setmainfontfallback[NotoSansGeorgian][range=0x10a0-0x10fc,force=yes]
\setmainfontfallback[NotoSansCJKjp][range=0x1100-0x11ff,force=yes]
\setmainfontfallback[NotoSansEthiopic][range=0x1200-0x1399,force=yes]
\setmainfontfallback[NotoSansCherokee][range=0x13a0-0x13f4,force=yes]
\setmainfontfallback[NotoSansCanadianAboriginal][range=0x1400-0x167f,force=yes]
\setmainfontfallback[NotoSansOgham][range=0x1680-0x169c,force=yes]
\setmainfontfallback[NotoSansRunic][range=0x16a0-0x16f0,force=yes]
\setmainfontfallback[NotoSansTagalog][range=0x1700-0x1714,force=yes]
\setmainfontfallback[NotoSansHanunoo][range=0x1720-0x1734,force=yes]
\setmainfontfallback[NotoSansBuhid][range=0x1735-0x1753,force=yes]
\setmainfontfallback[NotoSansTagbanwa][range=0x1760-0x1773,force=yes]
\setmainfontfallback[NotoSansKhmer][range=0x1780-0x17f9,force=yes]
\setmainfontfallback[NotoSansMongolian][range=0x1800-0x18aa,force=yes]
\setmainfontfallback[NotoSansCanadianAboriginal][range=0x18b0-0x18f5,force=yes]
\setmainfontfallback[NotoSansLimbu][range=0x1900-0x194f,force=yes]
\setmainfontfallback[NotoSansTaiLe][range=0x1950-0x1974,force=yes]
\setmainfontfallback[NotoSansNewTaiLue][range=0x1980-0x19df,force=yes]
\setmainfontfallback[NotoSansKhmer][range=0x19e0-0x19ff,force=yes]
\setmainfontfallback[NotoSansBuginese][range=0x1a00-0x1a1f,force=yes]
\setmainfontfallback[NotoSansTaiTham][range=0x1a20-0x1aad,force=yes]
\setmainfontfallback[NotoSansBalinese][range=0x1b00-0x1b7c,force=yes]
\setmainfontfallback[NotoSansSundanese][range=0x1b80-0x1bbf,force=yes]
\setmainfontfallback[NotoSansBatak][range=0x1bc0-0x1bff,force=yes]
\setmainfontfallback[NotoSansLepcha][range=0x1c00-0x1c4f,force=yes]
\setmainfontfallback[NotoSansOlChiki][range=0x1c50-0x1c7f,force=yes]
\setmainfontfallback[NotoSansSundanese][range=0x1cc0-0x1cc7,force=yes]
\setmainfontfallback[NotoSansDevanagari][range=0x1cd0-0x1cf6,force=yes]
\setmainfontfallback[NotoSansCoptic][range=0x1dcd-0x1dcd,force=yes]
\setmainfontfallback[NotoSansCJKjp][range=0x2010-0x2051,force=yes]
\setmainfontfallback[NotoSansSylotiNagri][range=0x2055-0x2055,force=yes]
\setmainfontfallback[NotoSansTamil][range=0x2082-0x2084,force=yes]
\setmainfontfallback[NotoSansSymbols][range=0x20aa-0x20dc,force=yes]
\setmainfontfallback[NotoSansCJKjp][range=0x20dd-0x20de,force=yes]
\setmainfontfallback[NotoSansSymbols][range=0x20df-0x20ef,force=yes]
\setmainfontfallback[NotoSansCJKjp][range=0x2100-0x2100,force=yes]
\setmainfontfallback[NotoSansSymbols][range=0x2101-0x2102,force=yes]
\setmainfontfallback[NotoSansCJKjp][range=0x2103-0x2103,force=yes]
\setmainfontfallback[NotoSansSymbols][range=0x2104-0x2108,force=yes]
\setmainfontfallback[NotoSansCJKjp][range=0x2109-0x210a,force=yes]
\setmainfontfallback[NotoSansSymbols][range=0x210b-0x210e,force=yes]
\setmainfontfallback[NotoSansCJKjp][range=0x210f-0x210f,force=yes]
\setmainfontfallback[NotoSansSymbols][range=0x2110-0x2120,force=yes]
\setmainfontfallback[NotoSansCJKjp][range=0x2121-0x2121,force=yes]
\setmainfontfallback[NotoSansSymbols][range=0x2123-0x2125,force=yes]
\setmainfontfallback[NotoSansCJKjp][range=0x2127-0x2127,force=yes]
\setmainfontfallback[NotoSansSymbols][range=0x2128-0x212a,force=yes]
\setmainfontfallback[NotoSansCJKjp][range=0x212b-0x212b,force=yes]
\setmainfontfallback[NotoSansSymbols][range=0x212c-0x2134,force=yes]
\setmainfontfallback[NotoSansCJKjp][range=0x2135-0x2135,force=yes]
\setmainfontfallback[NotoSansSymbols][range=0x2136-0x213a,force=yes]
\setmainfontfallback[NotoSansCJKjp][range=0x213b-0x213b,force=yes]
\setmainfontfallback[NotoSansSymbols][range=0x213c-0x214f,force=yes]
\setmainfontfallback[NotoSansCJKjp][range=0x2160-0x2199,force=yes]
\setmainfontfallback[NotoSansSymbols][range=0x219a-0x21b7,force=yes]
\setmainfontfallback[NotoSansCJKjp][range=0x21b8-0x21b9,force=yes]
\setmainfontfallback[NotoSansSymbols][range=0x21ba-0x21c3,force=yes]
\setmainfontfallback[NotoSansCJKjp][range=0x21c4-0x21c6,force=yes]
\setmainfontfallback[NotoSansSymbols][range=0x21c7-0x21ca,force=yes]
\setmainfontfallback[NotoSansCJKjp][range=0x21cb-0x21cc,force=yes]
\setmainfontfallback[NotoSansSymbols][range=0x21cd-0x21cf,force=yes]
\setmainfontfallback[NotoSansCJKjp][range=0x21d0-0x21d0,force=yes]
\setmainfontfallback[NotoSansSymbols][range=0x21d1-0x21d1,force=yes]
\setmainfontfallback[NotoSansCJKjp][range=0x21d2-0x21d2,force=yes]
\setmainfontfallback[NotoSansSymbols][range=0x21d3-0x21d3,force=yes]
\setmainfontfallback[NotoSansCJKjp][range=0x21d4-0x21d4,force=yes]
\setmainfontfallback[NotoSansSymbols][range=0x21d5-0x21e5,force=yes]
\setmainfontfallback[NotoSansCJKjp][range=0x21e6-0x21e9,force=yes]
\setmainfontfallback[NotoSansSymbols][range=0x21ea-0x21f4,force=yes]
\setmainfontfallback[NotoSansCJKjp][range=0x21f5-0x21f5,force=yes]
\setmainfontfallback[NotoSansSymbols][range=0x21f6-0x21ff,force=yes]
\setmainfontfallback[NotoSansCJKjp][range=0x2200-0x2200,force=yes]
\setmainfontfallback[NotoSansSymbols][range=0x2201-0x2201,force=yes]
\setmainfontfallback[NotoSansCJKjp][range=0x2203-0x2203,force=yes]
\setmainfontfallback[NotoSansSymbols][range=0x2204-0x2204,force=yes]
\setmainfontfallback[NotoSansCJKjp][range=0x2205-0x220b,force=yes]
\setmainfontfallback[NotoSansSymbols][range=0x220c-0x2210,force=yes]
\setmainfontfallback[NotoSansCJKjp][range=0x2213-0x2213,force=yes]
\setmainfontfallback[NotoSansSymbols][range=0x2214-0x221c,force=yes]
\setmainfontfallback[NotoSansCJKjp][range=0x221d-0x2220,force=yes]
\setmainfontfallback[NotoSansSymbols][range=0x2221-0x2222,force=yes]
\setmainfontfallback[NotoSansCJKjp][range=0x2223-0x2223,force=yes]
\setmainfontfallback[NotoSansSymbols][range=0x2224-0x2224,force=yes]
\setmainfontfallback[NotoSansCJKjp][range=0x2225-0x222e,force=yes]
\setmainfontfallback[NotoSansSymbols][range=0x222f-0x2233,force=yes]
\setmainfontfallback[NotoSansCJKjp][range=0x2234-0x2237,force=yes]
\setmainfontfallback[NotoSansSymbols][range=0x2238-0x223c,force=yes]
\setmainfontfallback[NotoSansCJKjp][range=0x223d-0x223d,force=yes]
\setmainfontfallback[NotoSansSymbols][range=0x223e-0x2242,force=yes]
\setmainfontfallback[NotoSansCJKjp][range=0x2243-0x2243,force=yes]
\setmainfontfallback[NotoSansSymbols][range=0x2244-0x2244,force=yes]
\setmainfontfallback[NotoSansCJKjp][range=0x2245-0x2245,force=yes]
\setmainfontfallback[NotoSansSymbols][range=0x2246-0x224b,force=yes]
\setmainfontfallback[NotoSansCJKjp][range=0x224c-0x224c,force=yes]
\setmainfontfallback[NotoSansSymbols][range=0x224d-0x2251,force=yes]
\setmainfontfallback[NotoSansCJKjp][range=0x2252-0x2252,force=yes]
\setmainfontfallback[NotoSansSymbols][range=0x2253-0x225f,force=yes]
\setmainfontfallback[NotoSansCJKjp][range=0x2262-0x2262,force=yes]
\setmainfontfallback[NotoSansSymbols][range=0x2263-0x2263,force=yes]
\setmainfontfallback[NotoSansCJKjp][range=0x2266-0x2267,force=yes]
\setmainfontfallback[NotoSansSymbols][range=0x2268-0x2269,force=yes]
\setmainfontfallback[NotoSansCJKjp][range=0x226a-0x226b,force=yes]
\setmainfontfallback[NotoSansSymbols][range=0x226c-0x226d,force=yes]
\setmainfontfallback[NotoSansCJKjp][range=0x226e-0x226f,force=yes]
\setmainfontfallback[NotoSansSymbols][range=0x2270-0x2271,force=yes]
\setmainfontfallback[NotoSansCJKjp][range=0x2272-0x2273,force=yes]
\setmainfontfallback[NotoSansSymbols][range=0x2274-0x2275,force=yes]
\setmainfontfallback[NotoSansCJKjp][range=0x2276-0x2277,force=yes]
\setmainfontfallback[NotoSansSymbols][range=0x2278-0x2281,force=yes]
\setmainfontfallback[NotoSansCJKjp][range=0x2282-0x2287,force=yes]
\setmainfontfallback[NotoSansSymbols][range=0x2288-0x2289,force=yes]
\setmainfontfallback[NotoSansCJKjp][range=0x228a-0x228b,force=yes]
\setmainfontfallback[NotoSansSymbols][range=0x228c-0x2294,force=yes]
\setmainfontfallback[NotoSansCJKjp][range=0x2295-0x2299,force=yes]
\setmainfontfallback[NotoSansSymbols][range=0x229a-0x229f,force=yes]
\setmainfontfallback[NotoSansCJKjp][range=0x22a0-0x22a0,force=yes]
\setmainfontfallback[NotoSansSymbols][range=0x22a1-0x22a4,force=yes]
\setmainfontfallback[NotoSansCJKjp][range=0x22a5-0x22a5,force=yes]
\setmainfontfallback[NotoSansSymbols][range=0x22a6-0x22be,force=yes]
\setmainfontfallback[NotoSansCJKjp][range=0x22bf-0x22bf,force=yes]
\setmainfontfallback[NotoSansSymbols][range=0x22c0-0x22d9,force=yes]
\setmainfontfallback[NotoSansCJKjp][range=0x22da-0x22db,force=yes]
\setmainfontfallback[NotoSansSymbols][range=0x22dc-0x22ee,force=yes]
\setmainfontfallback[NotoSansCJKjp][range=0x22ef-0x22ef,force=yes]
\setmainfontfallback[NotoSansSymbols][range=0x22f0-0x2304,force=yes]
\setmainfontfallback[NotoSansCJKjp][range=0x2305-0x2307,force=yes]
\setmainfontfallback[NotoSansSymbols][range=0x2308-0x2311,force=yes]
\setmainfontfallback[NotoSansCJKjp][range=0x2312-0x2312,force=yes]
\setmainfontfallback[NotoSansSymbols][range=0x2313-0x2317,force=yes]
\setmainfontfallback[NotoSansCJKjp][range=0x2318-0x2318,force=yes]
\setmainfontfallback[NotoSansSymbols][range=0x2319-0x2328,force=yes]
\setmainfontfallback[NotoSansCJKjp][range=0x2329-0x232a,force=yes]
\setmainfontfallback[NotoSansSymbols][range=0x232b-0x23af,force=yes]
\setmainfontfallback[NotoSansCJKjp][range=0x23b0-0x23b1,force=yes]
\setmainfontfallback[NotoSansSymbols][range=0x23b2-0x23bd,force=yes]
\setmainfontfallback[NotoSansCJKjp][range=0x23be-0x23cc,force=yes]
\setmainfontfallback[NotoSansSymbols][range=0x23cd-0x23cd,force=yes]
\setmainfontfallback[NotoSansCJKjp][range=0x23ce-0x23ce,force=yes]
\setmainfontfallback[NotoSansSymbols][range=0x23cf-0x23d9,force=yes]
\setmainfontfallback[NotoSansCJKjp][range=0x23da-0x23db,force=yes]
\setmainfontfallback[NotoSansSymbols][range=0x23dc-0x2422,force=yes]
\setmainfontfallback[NotoSansCJKjp][range=0x2423-0x2423,force=yes]
\setmainfontfallback[NotoSansSymbols][range=0x2424-0x244a,force=yes]
\setmainfontfallback[NotoSansCJKjp][range=0x2460-0x25a9,force=yes]
\setmainfontfallback[NotoSansSymbols][range=0x25ad-0x25b0,force=yes]
\setmainfontfallback[NotoSansCJKjp][range=0x25b1-0x25b3,force=yes]
\setmainfontfallback[NotoSansSymbols][range=0x25b4-0x25b5,force=yes]
\setmainfontfallback[NotoSansCJKjp][range=0x25b6-0x25b7,force=yes]
\setmainfontfallback[NotoSansSymbols][range=0x25b8-0x25bb,force=yes]
\setmainfontfallback[NotoSansCJKjp][range=0x25bd-0x25bd,force=yes]
\setmainfontfallback[NotoSansSymbols][range=0x25be-0x25bf,force=yes]
\setmainfontfallback[NotoSansCJKjp][range=0x25c0-0x25c1,force=yes]
\setmainfontfallback[NotoSansSymbols][range=0x25c2-0x25c5,force=yes]
\setmainfontfallback[NotoSansCJKjp][range=0x25c6-0x25c9,force=yes]
\setmainfontfallback[NotoSansSymbols][range=0x25cd-0x25cd,force=yes]
\setmainfontfallback[NotoSansCJKjp][range=0x25ce-0x25d3,force=yes]
\setmainfontfallback[NotoSansSymbols][range=0x25d4-0x25e1,force=yes]
\setmainfontfallback[NotoSansCJKjp][range=0x25e2-0x25e5,force=yes]
\setmainfontfallback[NotoSansSymbols][range=0x25e7-0x25ee,force=yes]
\setmainfontfallback[NotoSansCJKjp][range=0x25ef-0x25ef,force=yes]
\setmainfontfallback[NotoSansSymbols][range=0x25f0-0x25ff,force=yes]
\setmainfontfallback[NotoSansCJKjp][range=0x2600-0x2603,force=yes]
\setmainfontfallback[NotoSansSymbols][range=0x2604-0x2604,force=yes]
\setmainfontfallback[NotoSansCJKjp][range=0x2605-0x2606,force=yes]
\setmainfontfallback[NotoSansSymbols][range=0x2607-0x2608,force=yes]
\setmainfontfallback[NotoSansCJKjp][range=0x2609-0x2609,force=yes]
\setmainfontfallback[NotoSansSymbols][range=0x260a-0x260d,force=yes]
\setmainfontfallback[NotoSansCJKjp][range=0x260e-0x260f,force=yes]
\setmainfontfallback[NotoSansSymbols][range=0x2610-0x2615,force=yes]
\setmainfontfallback[NotoSansCJKjp][range=0x2616-0x2617,force=yes]
\setmainfontfallback[NotoSansSymbols][range=0x2618-0x261b,force=yes]
\setmainfontfallback[NotoSansCJKjp][range=0x261c-0x261f,force=yes]
\setmainfontfallback[NotoSansSymbols][range=0x2620-0x262b,force=yes]
\setmainfontfallback[NotoSansGurmukhi][range=0x262c-0x262c,force=yes]
\setmainfontfallback[NotoSansSymbols][range=0x262d-0x262e,force=yes]
\setmainfontfallback[NotoSansCJKjp][range=0x262f-0x262f,force=yes]
\setmainfontfallback[NotoSansSymbols][range=0x2630-0x263f,force=yes]
\setmainfontfallback[NotoSansCJKjp][range=0x2641-0x2641,force=yes]
\setmainfontfallback[NotoSansSymbols][range=0x2643-0x265f,force=yes]
\setmainfontfallback[NotoSansCJKjp][range=0x2661-0x266e,force=yes]
\setmainfontfallback[NotoSansSymbols][range=0x2670-0x2671,force=yes]
\setmainfontfallback[NotoSansCJKjp][range=0x2672-0x267d,force=yes]
\setmainfontfallback[NotoSansSymbols][range=0x267e-0x269f,force=yes]
\setmainfontfallback[NotoSansCJKjp][range=0x26a0-0x26a0,force=yes]
\setmainfontfallback[NotoSansSymbols][range=0x26a1-0x26bc,force=yes]
\setmainfontfallback[NotoSansCJKjp][range=0x26bd-0x26be,force=yes]
\setmainfontfallback[NotoSansSymbols][range=0x26bf-0x2701,force=yes]
\setmainfontfallback[NotoSansCJKjp][range=0x2702-0x2702,force=yes]
\setmainfontfallback[NotoSansSymbols][range=0x2703-0x2712,force=yes]
\setmainfontfallback[NotoSansCJKjp][range=0x2713-0x2713,force=yes]
\setmainfontfallback[NotoSansSymbols][range=0x2714-0x2719,force=yes]
\setmainfontfallback[NotoSansCJKjp][range=0x271a-0x271a,force=yes]
\setmainfontfallback[NotoSansSymbols][range=0x271b-0x273c,force=yes]
\setmainfontfallback[NotoSansCJKjp][range=0x273d-0x273d,force=yes]
\setmainfontfallback[NotoSansSymbols][range=0x273e-0x273e,force=yes]
\setmainfontfallback[NotoSansCJKjp][range=0x273f-0x2740,force=yes]
\setmainfontfallback[NotoSansSymbols][range=0x2741-0x2755,force=yes]
\setmainfontfallback[NotoSansCJKjp][range=0x2756-0x2756,force=yes]
\setmainfontfallback[NotoSansSymbols][range=0x2757-0x2775,force=yes]
\setmainfontfallback[NotoSansCJKjp][range=0x2776-0x277f,force=yes]
\setmainfontfallback[NotoSansSymbols][range=0x2780-0x27a0,force=yes]
\setmainfontfallback[NotoSansCJKjp][range=0x27a1-0x27a1,force=yes]
\setmainfontfallback[NotoSansSymbols][range=0x27a2-0x2933,force=yes]
\setmainfontfallback[NotoSansCJKjp][range=0x2934-0x2935,force=yes]
\setmainfontfallback[NotoSansSymbols][range=0x2936-0x29be,force=yes]
\setmainfontfallback[NotoSansCJKjp][range=0x29bf-0x29bf,force=yes]
\setmainfontfallback[NotoSansSymbols][range=0x29c0-0x29f9,force=yes]
\setmainfontfallback[NotoSansCJKjp][range=0x29fa-0x29fb,force=yes]
\setmainfontfallback[NotoSansSymbols][range=0x29fc-0x2b04,force=yes]
\setmainfontfallback[NotoSansCJKjp][range=0x2b05-0x2b07,force=yes]
\setmainfontfallback[NotoSansSymbols][range=0x2b08-0x2b19,force=yes]
\setmainfontfallback[NotoSansCJKjp][range=0x2b1a-0x2b1a,force=yes]
\setmainfontfallback[NotoSansSymbols][range=0x2b1b-0x2b59,force=yes]
\setmainfontfallback[NotoSansGlagolitic][range=0x2c00-0x2c5e,force=yes]
\setmainfontfallback[NotoSansCoptic][range=0x2c80-0x2cff,force=yes]
\setmainfontfallback[NotoSansGeorgian][range=0x2d00-0x2d25,force=yes]
\setmainfontfallback[NotoSansTifinagh][range=0x2d30-0x2d7f,force=yes]
\setmainfontfallback[NotoSansEthiopic][range=0x2d80-0x2dde,force=yes]
\setmainfontfallback[NotoSansSymbols][range=0x2e00-0x2e1b,force=yes]
\setmainfontfallback[NotoSansNKo][range=0x2e1c-0x2e1d,force=yes]
\setmainfontfallback[NotoSansSymbols][range=0x2e1e-0x2e30,force=yes]
\setmainfontfallback[NotoSansSamaritan][range=0x2e31-0x2e31,force=yes]
\setmainfontfallback[NotoSansSymbols][range=0x2e32-0x2e39,force=yes]
\setmainfontfallback[NotoSansCJKjp][range=0x2e3a-0x4db5,force=yes]
\setmainfontfallback[NotoSansSymbols][range=0x4dc0-0x4dff,force=yes]
\setmainfontfallback[NotoSansCJKjp][range=0x4e00-0x9fd0,force=yes]
\setmainfontfallback[NotoSansYi][range=0xa000-0xa4c6,force=yes]
\setmainfontfallback[NotoSansLisu][range=0xa4d0-0xa4ff,force=yes]
\setmainfontfallback[NotoSansVai][range=0xa500-0xa62b,force=yes]
\setmainfontfallback[NotoSansBamum][range=0xa6a0-0xa6f7,force=yes]
\setmainfontfallback[NotoSansSymbols][range=0xa700-0xa716,force=yes]
\setmainfontfallback[NotoSansSylotiNagri][range=0xa800-0xa82b,force=yes]
\setmainfontfallback[NotoSansDevanagari][range=0xa830-0xa839,force=yes]
\setmainfontfallback[NotoSansPhagsPa][range=0xa840-0xa877,force=yes]
\setmainfontfallback[NotoSansSaurashtra][range=0xa880-0xa8d9,force=yes]
\setmainfontfallback[NotoSansDevanagari][range=0xa8e0-0xa8fb,force=yes]
\setmainfontfallback[NotoSansKayahLi][range=0xa900-0xa92f,force=yes]
\setmainfontfallback[NotoSansRejang][range=0xa930-0xa95f,force=yes]
\setmainfontfallback[NotoSansCJKjp][range=0xa960-0xa97c,force=yes]
\setmainfontfallback[NotoSansJavanese][range=0xa980-0xa9cd,force=yes]
\setmainfontfallback[NotoSansBuginese][range=0xa9cf-0xa9cf,force=yes]
\setmainfontfallback[NotoSansJavanese][range=0xa9d0-0xa9df,force=yes]
\setmainfontfallback[NotoSansCham][range=0xaa00-0xaa5f,force=yes]
\setmainfontfallback[NotoSansMyanmar][range=0xaa60-0xaa7b,force=yes]
\setmainfontfallback[NotoSansTaiViet][range=0xaa80-0xaadf,force=yes]
\setmainfontfallback[NotoSansMeeteiMayek][range=0xaae0-0xaaf6,force=yes]
\setmainfontfallback[NotoSansEthiopic][range=0xab01-0xab2e,force=yes]
\setmainfontfallback[NotoSansMeeteiMayek][range=0xabc0-0xabf9,force=yes]
\setmainfontfallback[NotoSansCJKjp][range=0xac00-0xfb00,force=yes]
\setmainfontfallback[NotoSansArmenian][range=0xfb13-0xfb17,force=yes]
\setmainfontfallback[NotoSansNKo][range=0xfd3e-0xfd3f,force=yes]
\setmainfontfallback[NotoSansThaana][range=0xfdf2-0xfdfd,force=yes]
\setmainfontfallback[NotoSansPhagsPa][range=0xfe00-0xfe00,force=yes]
\setmainfontfallback[NotoSansCJKjp][range=0xfe10-0xfe19,force=yes]
\setmainfontfallback[NotoSansCoptic][range=0xfe24-0xfe26,force=yes]
\setmainfontfallback[NotoSansCJKjp][range=0xfe30-0xffee,force=yes]
\setmainfontfallback[NotoSansSymbols][range=0xfff9-0xfffb,force=yes]
