fonts           > injections > using experimental injector

open source     > 1 > 1 > /opt/context/tex/texmf-context/tex/context/base/cont-yes.mkiv

ConTeXt  ver: 2014.12.11 12:02 MKIV beta  fmt: 2014.12.15  int: english/english

system          > 'cont-new.mkiv' loaded
open source     > 2 > 2 > /opt/context/tex/texmf-context/tex/context/base/cont-new.mkiv
close source    > 2 > 2 > /opt/context/tex/texmf-context/tex/context/base/cont-new.mkiv
system          > files > jobname 'register', input '/tmp/register', result 'register'
fonts           > latin modern fonts are not preloaded
languages       > language 'en' is active
open source     > 2 > 3 > /tmp/register.tex
fonts           > preloading latin modern fonts (second stage)
fonts           > 'fallback modern-designsize rm 12pt' is loaded

Overfull \hbox (3.03818pt too wide) in paragraph at lines 112--112
[][]\3>modern-designsize-12pt-rm-tf-0--0 Be care-ful dri-ving ele-phants into small Ford Garages []

\hbox(10.42677+4.05482)x271.01001, glue set - 1.0, direction TLT
.\whatsit
..\localinterlinepenalty=0
..\localbrokenpenalty=0
..\localleftbox=null
..\localrightbox=null
.\hbox(0.0+0.0)x12.0, direction TLT
.\3>modern-designsize-12pt-rm-tf-0--0 B
.\3>modern-designsize-12pt-rm-tf-0--0 e
.\glue 3.912 plus 1.956 minus 1.304
.etc.


Underfull \hbox (badness 10000) in paragraph at lines 112--112


\hbox(0.0+0.0)x271.01001, direction TLT
.\penalty -10000
.\glue(\rightskip) 0.0

\ht \toptry =53.87157pt \ht \bottry =588.26392pt^^J \imgneed =0.0pt \txtneed =642.13548pt \need =642.13548pt \vsize =503.31473pt \leftover =-138.82076pt \txtroom =503.31473pt \ScaleFactor =0.78381pt^^J \bodyfontsize =12.0pt \baselineskip =14.4816pt^^J \imgneed =0.0pt \txtneed =642.13548pt \need =642.13548pt \vsize =503.31473pt \leftover =-138.82076pt \txtroom =503.31473pt \ScaleFactor =0.78381pt \bodyfontsize =7.5pt \baselineskip =13.03343pt^^J
backend         > xmp > using file '/opt/context/tex/texmf-context/tex/context/base/lpdf-pdx.xml'
pages           > flushing realpage 1, userpage 1
pages           > flushing realpage 2, userpage 2
close source    > 2 > 3 > /tmp/register.tex
close source    > 1 > 3 > /opt/context/tex/texmf-context/tex/context/base/cont-yes.mkiv

system          > structure > start used structure

used structure  > text: register

system          > structure > stop used structure


system          > files > start used files

used file       >    1: filename=cont-yes.mkiv filetype=tex foundname=/opt/context/tex/texmf-context/tex/context/base/cont-yes.mkiv usedmethod=database
used file       >    2: filename=publ-imp-apa.lua filetype=lua foundname=/opt/context/tex/texmf-context/tex/context/base/publ-imp-apa.lua usedmethod=database
used file       >    3: filename=cont-new.mkiv filetype=tex foundname=/opt/context/tex/texmf-context/tex/context/base/cont-new.mkiv usedmethod=database
used file       >    4: filename=lang-us.lua filetype=lua foundname=/opt/context/tex/texmf-context/tex/context/patterns/lang-us.lua usedmethod=database
used file       >    5: filename=/tmp/register.tex foundname=/tmp/register.tex usedmethod=direct
used file       >    6: filename=lm.lfg filetype=tex foundname=/opt/context/tex/texmf-context/tex/context/fonts/lm.lfg usedmethod=database
used file       >    7: filename=lmroman12-regular filetype=otf format=otf foundname=/opt/context/tex/texmf/fonts/opentype/public/lm/lmroman12-regular.otf usedmethod=database
used file       >    8: filename=latinmodern-math.otf filetype=opentypefonts foundname=/opt/context/tex/texmf/fonts/opentype/public/lm-math/latinmodern-math.otf usedmethod=database
used file       >    9: filename=lpdf-pdx.xml filetype=tex foundname=/opt/context/tex/texmf-context/tex/context/base/lpdf-pdx.xml usedmethod=database

system          > files > stop used files


system          > options > start commandline options

used option     > currentrun="3"
used option     > fulljobname="/tmp/register.tex"
used option     > input="/tmp/register.tex"
used option     > kindofrun="2"
used option     > maxnofruns="8"
used option     > no-parse-first-line="true"

system          > options > stop commandline options

system          > options > start commandline files

used file       >    1: /tmp/register.tex

system          > options > stop commandline files


mkiv lua stats  > used config file: selfautoparent:/texmf/web2c/texmfcnf.lua
mkiv lua stats  > used cache path: /opt/context/tex/texmf-cache/luatex-cache/context/5fe67e0bfe781ce0dde776fb1556f32e
mkiv lua stats  > resource resolver: loadtime 0.011 seconds, 0 scans with scantime 0.000 seconds, 0 shared scans, 9 found files, scanned paths: <none>
mkiv lua stats  > stored bytecode data: 359 modules (0.200 sec), 72 tables (0.020 sec), 431 chunks (0.220 sec)
mkiv lua stats  > running in nuts mode: yes
mkiv lua stats  > cleaned up reserved nodes: 44 nodes, 447 lists of 446
mkiv lua stats  > node memory usage: 2 glue, 2 penalty, 6 glyph, 12 attribute, 37 glue_spec, 4 attribute_list, 2 temp
mkiv lua stats  > node list callback tasks: 6 unique task lists, 5 instances (re)created, 70 calls
mkiv lua stats  > h-node processing time: 0.030 seconds including kernel
mkiv lua stats  > used backend: pdf (backend for directly generating pdf output)
mkiv lua stats  > loaded patterns: en::2, load time: 0.000
mkiv lua stats  > jobdata time: 0.001 seconds saving, 0.000 seconds loading
mkiv lua stats  > callbacks: 345 direct, 370 indirect, 715 total
mkiv lua stats  > randomizer: resumed with value 0.026239986543655
mkiv lua stats  > result saved in file: register.pdf, compresslevel 3, objectcompresslevel 3
mkiv lua stats  > loaded fonts: 2 files: latinmodern-math.otf, lmroman12-regular.otf
mkiv lua stats  > fonts load time: 0.177 seconds 
mkiv lua stats  > used platform: linux-64, type: unix, binary subtree: texmf-linux-64
mkiv lua stats  > luatex banner: this is luatex, version beta-0.79.2 (tex live 2015/dev) (rev 5084)
mkiv lua stats  > control sequences: 40425 of 65536 + 100000
mkiv lua stats  > lua properties: engine: lua, used memory: 56 MB (ctx: 56 MB), hash type: lua, hash chars: min(64,40), symbol mask: utf (τεχ)
mkiv lua stats  > runtime: 0.590 seconds, 2 processed pages, 2 shipped pages, 3.390 pages/second

