Beginning import.
Languages retrieved.
Getting es from creativecommons.org.
File es/legal/license.txt created.
Getting es_ES from creativecommons.org.
Namespace es_ES does not exist.
Getting ca from creativecommons.org.
Namespace ca does not exist.
Getting da from creativecommons.org.
Namespace da does not exist.
Getting de from creativecommons.org.
File de/legal/license.txt created.
Getting eo from creativecommons.org.
Namespace eo does not exist.
Getting fr from creativecommons.org.
File fr/legal/license.txt created.
Getting gl from creativecommons.org.
Namespace gl does not exist.
Getting hr from creativecommons.org.
Namespace hr does not exist.
Getting id from creativecommons.org.
File id/legal/license.txt created.
Getting it from creativecommons.org.
Namespace it does not exist.
Getting lv from creativecommons.org.
File lv/legal/license.txt created.
Getting lt from creativecommons.org.
Namespace lt does not exist.
Getting hu from creativecommons.org.
File hu/legal/license.txt created.
Getting ms from creativecommons.org.
File ms/legal/license.txt created.
Getting nl from creativecommons.org.
File nl/legal/license.txt created.
Getting no from creativecommons.org.
Namespace no does not exist.
Getting pl from creativecommons.org.
File pl/legal/license.txt created.
Getting pt from creativecommons.org.
File pt/legal/license.txt created.
Getting pt_BR from creativecommons.org.
Namespace pt_BR does not exist.
Getting ro from creativecommons.org.
Namespace ro does not exist.
Getting fi from creativecommons.org.
Namespace fi does not exist.
Getting sv from creativecommons.org.
Namespace sv does not exist.
Getting tr from creativecommons.org.
File tr/legal/license.txt created.
Getting is from creativecommons.org.
Namespace is does not exist.
Getting cs from creativecommons.org.
Namespace cs does not exist.
Getting el from creativecommons.org.
Namespace el does not exist.
Getting be from creativecommons.org.
Namespace be does not exist.
Getting ru from creativecommons.org.
File ru/legal/license.txt created.
Getting uk from creativecommons.org.
Namespace uk does not exist.
Getting ar from creativecommons.org.
File ar/legal/license.txt created.
Getting fa from creativecommons.org.
File fa/legal/license.txt created.
Getting ja from creativecommons.org.
File ja/legal/license.txt created.
Getting zh_TW from creativecommons.org.
Namespace zh_TW does not exist.
Getting ko from creativecommons.org.
File ko/legal/license.txt created.
Finished